<?xml version="1.0" encoding="UTF-8"?>
<!-- Generated by org.testng.reporters.JUnitXMLReporter -->
<testsuite ignored="0" hostname="DESKTOP-EKLHMIP" failures="0" tests="6" name="Default test" time="18.359" errors="0" timestamp="2023-06-18T18:28:25 IST">
  <testcase classname="api.test.DDTests" name="testPostUser" time="6.922"/>
  <testcase classname="api.test.DDTests" name="testPostUser" time="1.185"/>
  <testcase classname="api.test.DDTests" name="testPostUser" time="1.215"/>
  <testcase classname="api.test.DDTests" name="testDeleteUser" time="1.146"/>
  <testcase classname="api.test.DDTests" name="testDeleteUser" time="1.105"/>
  <testcase classname="api.test.DDTests" name="testDeleteUser" time="1.148"/>
</testsuite> <!-- Default test -->
