<?xml version="1.0" encoding="UTF-8"?>
<!-- Generated by org.testng.reporters.JUnitXMLReporter -->
<testsuite ignored="0" hostname="DESKTOP-EKLHMIP" failures="0" tests="4" name="PetTest" time="17.747" errors="0" timestamp="2023-06-21T20:27:37 IST">
  <testcase classname="api.test.UserTests2" name="testPostUser" time="8.6"/>
  <testcase classname="api.test.UserTests2" name="testGetUserByName" time="1.386"/>
  <testcase classname="api.test.UserTests2" name="testUpdateUserByName" time="2.716"/>
  <testcase classname="api.test.UserTests2" name="testDeleteUserByName" time="1.435"/>
</testsuite> <!-- PetTest -->
