<?xml version="1.0" encoding="UTF-8"?>
<!-- Generated by org.testng.reporters.JUnitXMLReporter -->
<testsuite ignored="0" hostname="DESKTOP-EKLHMIP" failures="0" tests="4" name="PetTest" time="19.781" errors="0" timestamp="2023-06-22T23:22:58 IST">
  <testcase classname="api.test.UserTests2" name="testPostUser" time="9.302"/>
  <testcase classname="api.test.UserTests2" name="testGetUserByName" time="1.537"/>
  <testcase classname="api.test.UserTests2" name="testUpdateUserByName" time="2.258"/>
  <testcase classname="api.test.UserTests2" name="testDeleteUserByName" time="1.125"/>
</testsuite> <!-- PetTest -->
