<?xml version="1.0" encoding="UTF-8"?>
<!-- Generated by org.testng.reporters.JUnitXMLReporter -->
<testsuite ignored="0" hostname="DESKTOP-EKLHMIP" failures="0" tests="4" name="PetTest" time="33.883" errors="0" timestamp="2023-06-20T19:30:42 IST">
  <testcase classname="api.test.UserTests2" name="testPostUser" time="19.38"/>
  <testcase classname="api.test.UserTests2" name="testGetUserByName" time="1.869"/>
  <testcase classname="api.test.UserTests2" name="testUpdateUserByName" time="3.313"/>
  <testcase classname="api.test.UserTests2" name="testDeleteUserByName" time="1.576"/>
</testsuite> <!-- PetTest -->
